# JRE version: OpenJDK Runtime Environment (11.0.13) (build 11.0.13+0-b1751.21-8125866)
# Java VM: OpenJDK 64-Bit Server VM (11.0.13+0-b1751.21-8125866, mixed mode, tiered, compressed oops, g1 gc, windows-amd64)
Heap:
 garbage-first heap   total 278528K, used 155251K [0x0000000080000000, 0x0000000100000000)
  region size 1024K, 2 young (2048K), 2 survivors (2048K)
 Metaspace       used 114921K, capacity 118136K, committed 118480K, reserved 1153024K
  class space    used 14505K, capacity 15806K, committed 15904K, reserved 1048576K
GC Heap History (20 events):
Event: 126.573 GC heap after
{Heap after GC invocations=53 (full 0):
 garbage-first heap   total 192512K, used 127350K [0x0000000080000000, 0x0000000100000000)
  region size 1024K, 6 young (6144K), 6 survivors (6144K)
 Metaspace       used 109258K, capacity 112129K, committed 112336K, reserved 1146880K
  class space    used 13684K, capacity 14858K, committed 14880K, reserved 1048576K
}
Event: 127.122 GC heap before
{Heap before GC invocations=53 (full 0):
 garbage-first heap   total 192512K, used 158070K [0x0000000080000000, 0x0000000100000000)
  region size 1024K, 37 young (37888K), 6 survivors (6144K)
 Metaspace       used 109996K, capacity 112902K, committed 112976K, reserved 1146880K
  class space    used 13804K, capacity 14988K, committed 15008K, reserved 1048576K
}
Event: 127.171 GC heap after
{Heap after GC invocations=54 (full 0):
 garbage-first heap   total 192512K, used 133302K [0x0000000080000000, 0x0000000100000000)
  region size 1024K, 5 young (5120K), 5 survivors (5120K)
 Metaspace       used 109996K, capacity 112902K, committed 112976K, reserved 1146880K
  class space    used 13804K, capacity 14988K, committed 15008K, reserved 1048576K
}
Event: 127.650 GC heap before
{Heap before GC invocations=54 (full 0):
 garbage-first heap   total 192512K, used 159926K [0x0000000080000000, 0x0000000100000000)
  region size 1024K, 31 young (31744K), 5 survivors (5120K)
 Metaspace       used 110548K, capacity 113509K, committed 113616K, reserved 1148928K
  class space    used 13920K, capacity 15106K, committed 15136K, reserved 1048576K
}
Event: 127.677 GC heap after
{Heap after GC invocations=55 (full 0):
 garbage-first heap   total 192512K, used 138240K [0x0000000080000000, 0x0000000100000000)
  region size 1024K, 4 young (4096K), 4 survivors (4096K)
 Metaspace       used 110548K, capacity 113509K, committed 113616K, reserved 1148928K
  class space    used 13920K, capacity 15106K, committed 15136K, reserved 1048576K
}
Event: 128.331 GC heap before
{Heap before GC invocations=55 (full 0):
 garbage-first heap   total 192512K, used 162816K [0x0000000080000000, 0x0000000100000000)
  region size 1024K, 28 young (28672K), 4 survivors (4096K)
 Metaspace       used 111211K, capacity 114228K, committed 114256K, reserved 1148928K
  class space    used 14017K, capacity 15239K, committed 15264K, reserved 1048576K
}
Event: 128.356 GC heap after
{Heap after GC invocations=56 (full 0):
 garbage-first heap   total 192512K, used 142893K [0x0000000080000000, 0x0000000100000000)
  region size 1024K, 4 young (4096K), 4 survivors (4096K)
 Metaspace       used 111211K, capacity 114228K, committed 114256K, reserved 1148928K
  class space    used 14017K, capacity 15239K, committed 15264K, reserved 1048576K
}
Event: 128.777 GC heap before
{Heap before GC invocations=56 (full 0):
 garbage-first heap   total 192512K, used 162349K [0x0000000080000000, 0x0000000100000000)
  region size 1024K, 24 young (24576K), 4 survivors (4096K)
 Metaspace       used 112193K, capacity 115321K, committed 115536K, reserved 1148928K
  class space    used 14158K, capacity 15418K, committed 15520K, reserved 1048576K
}
Event: 128.801 GC heap after
{Heap after GC invocations=57 (full 0):
 garbage-first heap   total 192512K, used 146768K [0x0000000080000000, 0x0000000100000000)
  region size 1024K, 3 young (3072K), 3 survivors (3072K)
 Metaspace       used 112193K, capacity 115321K, committed 115536K, reserved 1148928K
  class space    used 14158K, capacity 15418K, committed 15520K, reserved 1048576K
}
Event: 129.397 GC heap before
{Heap before GC invocations=57 (full 0):
 garbage-first heap   total 192512K, used 164176K [0x0000000080000000, 0x0000000100000000)
  region size 1024K, 20 young (20480K), 3 survivors (3072K)
 Metaspace       used 113156K, capacity 116360K, committed 116432K, reserved 1150976K
  class space    used 14339K, capacity 15635K, committed 15648K, reserved 1048576K
}
Event: 129.420 GC heap after
{Heap after GC invocations=58 (full 0):
 garbage-first heap   total 192512K, used 149225K [0x0000000080000000, 0x0000000100000000)
  region size 1024K, 3 young (3072K), 3 survivors (3072K)
 Metaspace       used 113156K, capacity 116360K, committed 116432K, reserved 1150976K
  class space    used 14339K, capacity 15635K, committed 15648K, reserved 1048576K
}
Event: 129.825 GC heap before
{Heap before GC invocations=58 (full 0):
 garbage-first heap   total 192512K, used 165609K [0x0000000080000000, 0x0000000100000000)
  region size 1024K, 19 young (19456K), 3 survivors (3072K)
 Metaspace       used 113501K, capacity 116659K, committed 116688K, reserved 1150976K
  class space    used 14366K, capacity 15647K, committed 15648K, reserved 1048576K
}
Event: 129.845 GC heap after
{Heap after GC invocations=59 (full 0):
 garbage-first heap   total 231424K, used 150276K [0x0000000080000000, 0x0000000100000000)
  region size 1024K, 2 young (2048K), 2 survivors (2048K)
 Metaspace       used 113501K, capacity 116659K, committed 116688K, reserved 1150976K
  class space    used 14366K, capacity 15647K, committed 15648K, reserved 1048576K
}
Event: 130.885 GC heap before
{Heap before GC invocations=59 (full 0):
 garbage-first heap   total 231424K, used 179972K [0x0000000080000000, 0x0000000100000000)
  region size 1024K, 32 young (32768K), 2 survivors (2048K)
 Metaspace       used 114066K, capacity 117269K, committed 117584K, reserved 1150976K
  class space    used 14413K, capacity 15689K, committed 15776K, reserved 1048576K
}
Event: 130.900 GC heap after
{Heap after GC invocations=60 (full 0):
 garbage-first heap   total 231424K, used 152155K [0x0000000080000000, 0x0000000100000000)
  region size 1024K, 4 young (4096K), 4 survivors (4096K)
 Metaspace       used 114066K, capacity 117269K, committed 117584K, reserved 1150976K
  class space    used 14413K, capacity 15689K, committed 15776K, reserved 1048576K
}
Event: 131.479 GC heap before
{Heap before GC invocations=60 (full 0):
 garbage-first heap   total 231424K, used 182875K [0x0000000080000000, 0x0000000100000000)
  region size 1024K, 35 young (35840K), 4 survivors (4096K)
 Metaspace       used 114558K, capacity 117730K, committed 117840K, reserved 1150976K
  class space    used 14453K, capacity 15735K, committed 15776K, reserved 1048576K
}
Event: 131.501 GC heap after
{Heap after GC invocations=61 (full 0):
 garbage-first heap   total 231424K, used 153969K [0x0000000080000000, 0x0000000100000000)
  region size 1024K, 4 young (4096K), 4 survivors (4096K)
 Metaspace       used 114558K, capacity 117730K, committed 117840K, reserved 1150976K
  class space    used 14453K, capacity 15735K, committed 15776K, reserved 1048576K
}
Event: 131.921 GC heap before
{Heap before GC invocations=61 (full 0):
 garbage-first heap   total 231424K, used 185713K [0x0000000080000000, 0x0000000100000000)
  region size 1024K, 36 young (36864K), 4 survivors (4096K)
 Metaspace       used 114717K, capacity 117935K, committed 118224K, reserved 1150976K
  class space    used 14496K, capacity 15803K, committed 15904K, reserved 1048576K
}
Event: 131.946 GC heap after
{Heap after GC invocations=62 (full 0):
 garbage-first heap   total 231424K, used 155182K [0x0000000080000000, 0x0000000100000000)
  region size 1024K, 4 young (4096K), 4 survivors (4096K)
 Metaspace       used 114717K, capacity 117935K, committed 118224K, reserved 1150976K
  class space    used 14496K, capacity 15803K, committed 15904K, reserved 1048576K
}
Event: 132.535 GC heap before
{Heap before GC invocations=62 (full 0):
 garbage-first heap   total 231424K, used 188974K [0x0000000080000000, 0x0000000100000000)
  region size 1024K, 37 young (37888K), 4 survivors (4096K)
 Metaspace       used 114921K, capacity 118136K, committed 118480K, reserved 1153024K
  class space    used 14505K, capacity 15806K, committed 15904K, reserved 1048576K
}

